Build started 04-11-2020 16:01:17.
     1>Project "C:\Users\kashy\Documents\Visual Studio 2010\Projects\204101051_vowelrecog\reference_file\reference_file\reference_file.vcxproj" on node 2 (build target(s)).
     1>InitializeBuildStatus:
         Creating "Debug\reference_file.unsuccessfulbuild" because "AlwaysCreate" was specified.
       ClCompile:
         All outputs are up-to-date.
         c:\Program Files (x86)\Microsoft Visual Studio 10.0\VC\bin\CL.exe /c /ZI /nologo /W3 /WX- /Od /Oy- /D WIN32 /D _DEBUG /D _CONSOLE /D _UNICODE /D UNICODE /Gm /EHsc /RTC1 /MDd /GS /fp:precise /Zc:wchar_t /Zc:forScope /Yu"StdAfx.h" /Fp"Debug\reference_file.pch" /Fo"Debug\\" /Fd"Debug\vc100.pdb" /Gd /TP /analyze- /errorReport:prompt reference_file.cpp
         reference_file.cpp
     1>c:\users\kashy\documents\visual studio 2010\projects\204101051_vowelrecog\reference_file\reference_file\reference_file.cpp(28): warning C4244: 'argument' : conversion from '__int64' to 'unsigned int', possible loss of data
     1>c:\users\kashy\documents\visual studio 2010\projects\204101051_vowelrecog\reference_file\reference_file\reference_file.cpp(28): warning C4244: 'argument' : conversion from '__int64' to 'unsigned int', possible loss of data
     1>c:\users\kashy\documents\visual studio 2010\projects\204101051_vowelrecog\reference_file\reference_file\reference_file.cpp(32): warning C4244: 'initializing' : conversion from '__int64' to 'int', possible loss of data
     1>c:\users\kashy\documents\visual studio 2010\projects\204101051_vowelrecog\reference_file\reference_file\reference_file.cpp(87): warning C4018: '<' : signed/unsigned mismatch
     1>c:\users\kashy\documents\visual studio 2010\projects\204101051_vowelrecog\reference_file\reference_file\reference_file.cpp(102): warning C4018: '<' : signed/unsigned mismatch
     1>c:\users\kashy\documents\visual studio 2010\projects\204101051_vowelrecog\reference_file\reference_file\reference_file.cpp(163): warning C4244: 'argument' : conversion from '__int64' to 'unsigned int', possible loss of data
     1>c:\users\kashy\documents\visual studio 2010\projects\204101051_vowelrecog\reference_file\reference_file\reference_file.cpp(163): warning C4244: 'argument' : conversion from '__int64' to 'unsigned int', possible loss of data
     1>c:\users\kashy\documents\visual studio 2010\projects\204101051_vowelrecog\reference_file\reference_file\reference_file.cpp(168): warning C4018: '<' : signed/unsigned mismatch
     1>c:\users\kashy\documents\visual studio 2010\projects\204101051_vowelrecog\reference_file\reference_file\reference_file.cpp(170): warning C4018: '<=' : signed/unsigned mismatch
     1>c:\users\kashy\documents\visual studio 2010\projects\204101051_vowelrecog\reference_file\reference_file\reference_file.cpp(182): warning C4018: '<' : signed/unsigned mismatch
     1>c:\users\kashy\documents\visual studio 2010\projects\204101051_vowelrecog\reference_file\reference_file\reference_file.cpp(188): warning C4018: '<' : signed/unsigned mismatch
     1>c:\users\kashy\documents\visual studio 2010\projects\204101051_vowelrecog\reference_file\reference_file\reference_file.cpp(195): warning C4018: '<' : signed/unsigned mismatch
     1>c:\users\kashy\documents\visual studio 2010\projects\204101051_vowelrecog\reference_file\reference_file\reference_file.cpp(204): warning C4018: '<' : signed/unsigned mismatch
     1>c:\users\kashy\documents\visual studio 2010\projects\204101051_vowelrecog\reference_file\reference_file\reference_file.cpp(226): warning C4018: '<' : signed/unsigned mismatch
       ManifestResourceCompile:
         All outputs are up-to-date.
       Link:
         c:\Program Files (x86)\Microsoft Visual Studio 10.0\VC\bin\link.exe /ERRORREPORT:PROMPT /OUT:"C:\Users\kashy\Documents\Visual Studio 2010\Projects\204101051_vowelrecog\reference_file\Debug\reference_file.exe" /INCREMENTAL /NOLOGO kernel32.lib user32.lib gdi32.lib winspool.lib comdlg32.lib advapi32.lib shell32.lib ole32.lib oleaut32.lib uuid.lib odbc32.lib odbccp32.lib /MANIFEST /ManifestFile:"Debug\reference_file.exe.intermediate.manifest" /MANIFESTUAC:"level='asInvoker' uiAccess='false'" /DEBUG /PDB:"C:\Users\kashy\Documents\Visual Studio 2010\Projects\204101051_vowelrecog\reference_file\Debug\reference_file.pdb" /SUBSYSTEM:CONSOLE /TLBID:1 /DYNAMICBASE /NXCOMPAT /IMPLIB:"C:\Users\kashy\Documents\Visual Studio 2010\Projects\204101051_vowelrecog\reference_file\Debug\reference_file.lib" /MACHINE:X86 Debug\reference_file.exe.embed.manifest.res
         Debug\reference_file.obj
         Debug\stdafx.obj
       Manifest:
         c:\Program Files (x86)\Microsoft SDKs\Windows\v7.0A\bin\mt.exe /nologo /verbose /out:"Debug\reference_file.exe.embed.manifest" /manifest Debug\reference_file.exe.intermediate.manifest
         All outputs are up-to-date.
       LinkEmbedManifest:
         All outputs are up-to-date.
         reference_file.vcxproj -> C:\Users\kashy\Documents\Visual Studio 2010\Projects\204101051_vowelrecog\reference_file\Debug\reference_file.exe
       FinalizeBuildStatus:
         Deleting file "Debug\reference_file.unsuccessfulbuild".
         Touching "Debug\reference_file.lastbuildstate".
     1>Done Building Project "C:\Users\kashy\Documents\Visual Studio 2010\Projects\204101051_vowelrecog\reference_file\reference_file\reference_file.vcxproj" (build target(s)).

Build succeeded.

Time Elapsed 00:00:01.32
